
*** Running vivado
    with args -log system_big_fifo.vds -m64 -mode batch -messageDb vivado.pb -notrace -source system_big_fifo.tcl

WARNING: Default location for XILINX_VIVADO_HLS not found: 

****** Vivado v2015.2 (64-bit)
  **** SW Build 1266856 on Fri Jun 26 16:35:25 MDT 2015
  **** IP Build 1264090 on Wed Jun 24 14:22:01 MDT 2015
    ** Copyright 1986-2015 Xilinx, Inc. All Rights Reserved.

source system_big_fifo.tcl -notrace
INFO: [IP_Flow 19-234] Refreshing IP repositories
INFO: [IP_Flow 19-1700] Loaded user IP repository '/mnt/share/V7_bufh_place_v2_0/V7_bufh_place_v2_0.ipdefs/axi4lite_gp_1.0_0_0'.
INFO: [IP_Flow 19-1700] Loaded user IP repository '/mnt/share/V7_bufh_place_v2_0/V7_bufh_place_v2_0.ipdefs/gen_test_pulse_lite_1.0_0_0'.
INFO: [IP_Flow 19-1700] Loaded user IP repository '/mnt/share/V7_bufh_place_v2_0/V7_bufh_place_v2_0.ipdefs/regfiles_lite_1.0_0_0'.
INFO: [IP_Flow 19-1700] Loaded user IP repository '/mnt/share/V7_bufh_place_v2_0/V7_bufh_place_v2_0.ipdefs/tdc_calib_capture_lite_1.0_0_0'.
INFO: [IP_Flow 19-1700] Loaded user IP repository '/mnt/share/V7_bufh_place_v2_0/V7_bufh_place_v2_0.ipdefs/fifo2ddr_v1_0_project_0_0'.
WARNING: [IP_Flow 19-2248] Failed to load user IP repository '/mnt/share/V7_bufh_place_v2_0/V7_bufh_place_v2_0.ipdefs/axi4lite_gp_1.0_0'; Can't find the specified path.
If this directory should no longer be in your list of user repositories, go to the IP Settings dialog and remove it.
WARNING: [IP_Flow 19-2248] Failed to load user IP repository '/mnt/share/V7_bufh_place_v2_0/V7_bufh_place_v2_0.ipdefs/gen_test_pulse_lite_1.0_0'; Can't find the specified path.
If this directory should no longer be in your list of user repositories, go to the IP Settings dialog and remove it.
WARNING: [IP_Flow 19-2248] Failed to load user IP repository '/mnt/share/V7_bufh_place_v2_0/V7_bufh_place_v2_0.ipdefs/regfiles_lite_1.0_0'; Can't find the specified path.
If this directory should no longer be in your list of user repositories, go to the IP Settings dialog and remove it.
WARNING: [IP_Flow 19-2248] Failed to load user IP repository '/mnt/share/V7_bufh_place_v2_0/V7_bufh_place_v2_0.ipdefs/tdc_calib_capture_lite_1.0_0'; Can't find the specified path.
If this directory should no longer be in your list of user repositories, go to the IP Settings dialog and remove it.
WARNING: [IP_Flow 19-2248] Failed to load user IP repository '/mnt/share/V7_bufh_place_v2_0/V7_bufh_place_v2_0.ipdefs/fifo2ddr_v1_0_project_0'; Can't find the specified path.
If this directory should no longer be in your list of user repositories, go to the IP Settings dialog and remove it.
INFO: [IP_Flow 19-2313] Loaded Vivado IP repository '/opt/Xilinx/Vivado/2015.2/data/ip'.
WARNING: [IP_Flow 19-3664] IP 'system_big_fifo' generated file not found '/mnt/share/V7_bufh_place_v2_0/V7_bufh_place_v2_0.srcs/sources_1/ip/fifo_generator_v9_3_0/system_big_fifo.dcp'. Please regenerate to continue.
WARNING: [IP_Flow 19-3664] IP 'system_big_fifo' generated file not found '/mnt/share/V7_bufh_place_v2_0/V7_bufh_place_v2_0.srcs/sources_1/ip/fifo_generator_v9_3_0/system_big_fifo_stub.v'. Please regenerate to continue.
WARNING: [IP_Flow 19-3664] IP 'system_big_fifo' generated file not found '/mnt/share/V7_bufh_place_v2_0/V7_bufh_place_v2_0.srcs/sources_1/ip/fifo_generator_v9_3_0/system_big_fifo_stub.vhdl'. Please regenerate to continue.
WARNING: [IP_Flow 19-3664] IP 'system_big_fifo' generated file not found '/mnt/share/V7_bufh_place_v2_0/V7_bufh_place_v2_0.srcs/sources_1/ip/fifo_generator_v9_3_0/system_big_fifo_funcsim.v'. Please regenerate to continue.
WARNING: [IP_Flow 19-3664] IP 'system_big_fifo' generated file not found '/mnt/share/V7_bufh_place_v2_0/V7_bufh_place_v2_0.srcs/sources_1/ip/fifo_generator_v9_3_0/system_big_fifo_funcsim.vhdl'. Please regenerate to continue.
Command: synth_design -top system_big_fifo -part xc7vx485tffg1761-2 -mode out_of_context
Starting synth_design
Attempting to get a license for feature 'Synthesis' and/or device 'xc7vx485t'
WARNING: [Common 17-348] Failed to get the license for feature 'Synthesis' and/or device 'xc7vx485t'
7 Infos, 11 Warnings, 0 Critical Warnings and 1 Errors encountered.
synth_design failed
ERROR: [Common 17-345] A valid license was not found for feature 'Synthesis' and/or device 'xc7vx485t'. Please run the Vivado License Manager for assistance in determining
which features and devices are licensed for your system.
Resolution: Check the status of your licenses in the Vivado License Manager. For debug help search Xilinx Support for "Licensing FAQ". 
INFO: [Common 17-206] Exiting Vivado at Mon Feb 15 19:49:16 2016...
