
*** Running vivado
    with args -log clk_wiz_0.rds -m64 -mode batch -messageDb vivado.pb -source clk_wiz_0.tcl


****** Vivado v2013.4 (64-bit)
  **** SW Build 353583 on Mon Dec  9 17:49:19 MST 2013
  **** IP Build 208076 on Mon Dec  2 12:38:17 MST 2013
    ** Copyright 1986-1999, 2001-2013 Xilinx, Inc. All Rights Reserved.

Attempting to get a license: Implementation
Feature available: Implementation
Loading parts and site information from C:/Xilinx/Vivado/2013.4/data/parts/arch.xml
Parsing RTL primitives file [C:/Xilinx/Vivado/2013.4/data/parts/xilinx/rtl/prims/rtl_prims.xml]
Finished parsing RTL primitives file [C:/Xilinx/Vivado/2013.4/data/parts/xilinx/rtl/prims/rtl_prims.xml]
source clk_wiz_0.tcl
# set_param gui.test TreeTableDev
# set_msg_config -id {HDL 9-1061} -limit 100000
# set_msg_config -id {HDL 9-1654} -limit 100000
# create_project -in_memory -part xc7vx485tffg1761-2
# set_property target_language Verilog [current_project]
# set_property board xilinx.com:virtex7:vc707:1.1 [current_project]
# set_param project.compositeFile.enableAutoGeneration 0
# read_ip D:/SangsWork/tp_gen_2015_feb/tp_gen_2015_feb/tp_gen_2015-2.srcs/sources_1/ip/clk_wiz_0/clk_wiz_0.xci
INFO: [IP_Flow 19-234] Refreshing IP repositories
INFO: [IP_Flow 19-1704] No user IP repositories specified
INFO: [IP_Flow 19-2313] Loaded Vivado IP repository 'C:/Xilinx/Vivado/2013.4/data/ip'.
# set_property used_in_implementation false [get_files d:/SangsWork/tp_gen_2015_feb/tp_gen_2015_feb/tp_gen_2015-2.srcs/sources_1/ip/clk_wiz_0/clk_wiz_0.dcp]
# set_msg_config -id {IP_Flow 19-2162} -severity warning -new_severity info
# set_property is_locked true [get_files D:/SangsWork/tp_gen_2015_feb/tp_gen_2015_feb/tp_gen_2015-2.srcs/sources_1/ip/clk_wiz_0/clk_wiz_0.xci]
# read_xdc dont_touch.xdc
# set_property used_in_implementation false [get_files dont_touch.xdc]
# set_param synth.vivado.isSynthRun true
# set_property webtalk.parent_dir D:/SangsWork/tp_gen_2015_feb/tp_gen_2015_feb/tp_gen_2015-2.data/wt [current_project]
# set_property parent.project_dir D:/SangsWork/tp_gen_2015_feb/tp_gen_2015_feb [current_project]
# synth_design -top clk_wiz_0 -part xc7vx485tffg1761-2 -mode out_of_context
Command: synth_design -top clk_wiz_0 -part xc7vx485tffg1761-2 -mode out_of_context

Starting synthesis...

INFO: [IP_Flow 19-2162] IP 'clk_wiz_0' is locked. Locked reason: Property 'IS_LOCKED' is set to true by the system or user
Attempting to get a license for feature 'Synthesis' and/or device 'xc7vx485t'
INFO: [Common 17-349] Got license for feature 'Synthesis' and/or device 'xc7vx485t'
---------------------------------------------------------------------------------
Starting RTL Elaboration : Time (s): cpu = 00:00:05 ; elapsed = 00:00:04 . Memory (MB): peak = 244.805 ; gain = 93.422
---------------------------------------------------------------------------------
INFO: [Synth 8-638] synthesizing module 'clk_wiz_0' [d:/SangsWork/tp_gen_2015_feb/tp_gen_2015_feb/tp_gen_2015-2.srcs/sources_1/ip/clk_wiz_0/clk_wiz_0.v:72]
INFO: [Synth 8-638] synthesizing module 'clk_wiz_0_clk_wiz' [d:/SangsWork/tp_gen_2015_feb/tp_gen_2015_feb/tp_gen_2015-2.srcs/sources_1/ip/clk_wiz_0/clk_wiz_0_clk_wiz.v:70]
INFO: [Synth 8-638] synthesizing module 'IBUFDS' [C:/Xilinx/Vivado/2013.4/scripts/rt/data/unisim_comp.v:10595]
	Parameter CAPACITANCE bound to: DONT_CARE - type: string 
	Parameter DIFF_TERM bound to: FALSE - type: string 
	Parameter DQS_BIAS bound to: FALSE - type: string 
	Parameter IBUF_DELAY_VALUE bound to: 0 - type: string 
	Parameter IBUF_LOW_PWR bound to: TRUE - type: string 
	Parameter IFD_DELAY_VALUE bound to: AUTO - type: string 
	Parameter IOSTANDARD bound to: DEFAULT - type: string 
INFO: [Synth 8-256] done synthesizing module 'IBUFDS' (1#1) [C:/Xilinx/Vivado/2013.4/scripts/rt/data/unisim_comp.v:10595]
INFO: [Synth 8-638] synthesizing module 'MMCME2_ADV' [C:/Xilinx/Vivado/2013.4/scripts/rt/data/unisim_comp.v:16281]
	Parameter BANDWIDTH bound to: HIGH - type: string 
	Parameter CLKFBOUT_USE_FINE_PS bound to: FALSE - type: string 
	Parameter CLKOUT0_USE_FINE_PS bound to: FALSE - type: string 
	Parameter CLKOUT1_USE_FINE_PS bound to: FALSE - type: string 
	Parameter CLKOUT2_USE_FINE_PS bound to: FALSE - type: string 
	Parameter CLKOUT3_USE_FINE_PS bound to: FALSE - type: string 
	Parameter CLKOUT4_CASCADE bound to: FALSE - type: string 
	Parameter CLKOUT4_USE_FINE_PS bound to: FALSE - type: string 
	Parameter CLKOUT5_USE_FINE_PS bound to: FALSE - type: string 
	Parameter CLKOUT6_USE_FINE_PS bound to: FALSE - type: string 
	Parameter COMPENSATION bound to: ZHOLD - type: string 
	Parameter SS_EN bound to: FALSE - type: string 
	Parameter SS_MODE bound to: CENTER_HIGH - type: string 
	Parameter STARTUP_WAIT bound to: FALSE - type: string 
	Parameter IS_CLKINSEL_INVERTED bound to: 1'b0 
	Parameter IS_PSEN_INVERTED bound to: 1'b0 
	Parameter IS_PSINCDEC_INVERTED bound to: 1'b0 
	Parameter IS_PWRDWN_INVERTED bound to: 1'b0 
	Parameter IS_RST_INVERTED bound to: 1'b0 
	Parameter CLKOUT1_DIVIDE bound to: 105 - type: integer 
	Parameter CLKOUT2_DIVIDE bound to: 90 - type: integer 
	Parameter CLKOUT3_DIVIDE bound to: 79 - type: integer 
	Parameter CLKOUT4_DIVIDE bound to: 1 - type: integer 
	Parameter CLKOUT5_DIVIDE bound to: 1 - type: integer 
	Parameter CLKOUT6_DIVIDE bound to: 1 - type: integer 
	Parameter DIVCLK_DIVIDE bound to: 5 - type: integer 
	Parameter SS_MOD_PERIOD bound to: 10000 - type: integer 
	Parameter CLKFBOUT_MULT_F bound to: 15.750000 - type: float 
	Parameter CLKFBOUT_PHASE bound to: 0.000000 - type: float 
	Parameter CLKIN1_PERIOD bound to: 5.000000 - type: float 
	Parameter CLKIN2_PERIOD bound to: 0.000000 - type: float 
	Parameter CLKOUT0_DIVIDE_F bound to: 126.000000 - type: float 
	Parameter CLKOUT0_DUTY_CYCLE bound to: 0.500000 - type: float 
	Parameter CLKOUT0_PHASE bound to: 0.000000 - type: float 
	Parameter CLKOUT1_DUTY_CYCLE bound to: 0.500000 - type: float 
	Parameter CLKOUT1_PHASE bound to: 0.000000 - type: float 
	Parameter CLKOUT2_DUTY_CYCLE bound to: 0.500000 - type: float 
	Parameter CLKOUT2_PHASE bound to: 0.000000 - type: float 
	Parameter CLKOUT3_DUTY_CYCLE bound to: 0.500000 - type: float 
	Parameter CLKOUT3_PHASE bound to: 0.000000 - type: float 
	Parameter CLKOUT4_DUTY_CYCLE bound to: 0.500000 - type: float 
	Parameter CLKOUT4_PHASE bound to: 0.000000 - type: float 
	Parameter CLKOUT5_DUTY_CYCLE bound to: 0.500000 - type: float 
	Parameter CLKOUT5_PHASE bound to: 0.000000 - type: float 
	Parameter CLKOUT6_DUTY_CYCLE bound to: 0.500000 - type: float 
	Parameter CLKOUT6_PHASE bound to: 0.000000 - type: float 
	Parameter REF_JITTER1 bound to: 0.010000 - type: float 
	Parameter REF_JITTER2 bound to: 0.010000 - type: float 
INFO: [Synth 8-256] done synthesizing module 'MMCME2_ADV' (2#1) [C:/Xilinx/Vivado/2013.4/scripts/rt/data/unisim_comp.v:16281]
INFO: [Synth 8-638] synthesizing module 'BUFG' [C:/Xilinx/Vivado/2013.4/scripts/rt/data/unisim_comp.v:612]
INFO: [Synth 8-256] done synthesizing module 'BUFG' (3#1) [C:/Xilinx/Vivado/2013.4/scripts/rt/data/unisim_comp.v:612]
INFO: [Synth 8-256] done synthesizing module 'clk_wiz_0_clk_wiz' (4#1) [d:/SangsWork/tp_gen_2015_feb/tp_gen_2015_feb/tp_gen_2015-2.srcs/sources_1/ip/clk_wiz_0/clk_wiz_0_clk_wiz.v:70]
INFO: [Synth 8-256] done synthesizing module 'clk_wiz_0' (5#1) [d:/SangsWork/tp_gen_2015_feb/tp_gen_2015_feb/tp_gen_2015-2.srcs/sources_1/ip/clk_wiz_0/clk_wiz_0.v:72]
---------------------------------------------------------------------------------
Finished RTL Elaboration : Time (s): cpu = 00:00:05 ; elapsed = 00:00:05 . Memory (MB): peak = 278.031 ; gain = 126.648
---------------------------------------------------------------------------------

---------------------------------------------------------------------------------
Start RTL Optimization
---------------------------------------------------------------------------------

Report Check Netlist: 
+------+------------------+-------+---------+-------+------------------+
|      |Item              |Errors |Warnings |Status |Description       |
+------+------------------+-------+---------+-------+------------------+
|1     |multi_driven_nets |      0|        0|Passed |Multi driven nets |
+------+------------------+-------+---------+-------+------------------+
INFO: [Netlist 29-17] Analyzing 2 Unisim elements for replacement
INFO: [Netlist 29-28] Unisim Transformation completed in 0 CPU seconds
Loading clock regions from C:/Xilinx/Vivado/2013.4/data\parts/xilinx/virtex7/virtex7/xc7vx485t/ClockRegion.xml
Loading clock buffers from C:/Xilinx/Vivado/2013.4/data\parts/xilinx/virtex7/virtex7/xc7vx485t/ClockBuffers.xml
Loading clock placement rules from C:/Xilinx/Vivado/2013.4/data/parts/xilinx/virtex7/ClockPlacerRules.xml
Loading package pin functions from C:/Xilinx/Vivado/2013.4/data\parts/xilinx/virtex7/PinFunctions.xml...
Loading package from C:/Xilinx/Vivado/2013.4/data\parts/xilinx/virtex7/virtex7/xc7vx485t/ffg1761/Package.xml
Loading io standards from C:/Xilinx/Vivado/2013.4/data\./parts/xilinx/virtex7/IOStandards.xml
Loading device configuration modes from C:/Xilinx/Vivado/2013.4/data\parts/xilinx/virtex7/ConfigModes.xml

Processing XDC Constraints
Parsing XDC File [d:/SangsWork/tp_gen_2015_feb/tp_gen_2015_feb/tp_gen_2015-2.srcs/sources_1/ip/clk_wiz_0/clk_wiz_0_OOC.xdc] for cell 'inst'
Finished Parsing XDC File [d:/SangsWork/tp_gen_2015_feb/tp_gen_2015_feb/tp_gen_2015-2.srcs/sources_1/ip/clk_wiz_0/clk_wiz_0_OOC.xdc] for cell 'inst'
Parsing XDC File [d:/SangsWork/tp_gen_2015_feb/tp_gen_2015_feb/tp_gen_2015-2.srcs/sources_1/ip/clk_wiz_0/clk_wiz_0.xdc] for cell 'inst'
Finished Parsing XDC File [d:/SangsWork/tp_gen_2015_feb/tp_gen_2015_feb/tp_gen_2015-2.srcs/sources_1/ip/clk_wiz_0/clk_wiz_0.xdc] for cell 'inst'
INFO: [Timing 38-2] Deriving generated clocks
INFO: [Project 1-236] Implementation specific constraints were found while reading constraint file [d:/SangsWork/tp_gen_2015_feb/tp_gen_2015_feb/tp_gen_2015-2.srcs/sources_1/ip/clk_wiz_0/clk_wiz_0.xdc]. These constraints will be ignored for synthesis but will be used in implementation. Impacted constraints are listed in the file [D:/SangsWork/tp_gen_2015_feb/tp_gen_2015_feb/tp_gen_2015-2.runs/clk_wiz_0_synth_1/.Xil/clk_wiz_0_propImpl.xdc].
Resolution: To avoid this message, exclude constraints listed in [D:/SangsWork/tp_gen_2015_feb/tp_gen_2015_feb/tp_gen_2015-2.runs/clk_wiz_0_synth_1/.Xil/clk_wiz_0_propImpl.xdc] from synthesis with the used_in_synthesis property (File Properties dialog in GUI) and re-run elaboration/synthesis.
Parsing XDC File [d:/SangsWork/tp_gen_2015_feb/tp_gen_2015_feb/tp_gen_2015-2.srcs/sources_1/ip/clk_wiz_0/clk_wiz_0_board.xdc] for cell 'inst'
Finished Parsing XDC File [d:/SangsWork/tp_gen_2015_feb/tp_gen_2015_feb/tp_gen_2015-2.srcs/sources_1/ip/clk_wiz_0/clk_wiz_0_board.xdc] for cell 'inst'
Parsing XDC File [D:/SangsWork/tp_gen_2015_feb/tp_gen_2015_feb/tp_gen_2015-2.runs/clk_wiz_0_synth_1/dont_touch.xdc]
Finished Parsing XDC File [D:/SangsWork/tp_gen_2015_feb/tp_gen_2015_feb/tp_gen_2015-2.runs/clk_wiz_0_synth_1/dont_touch.xdc]
Completed Processing XDC Constraints

INFO: [Project 1-111] Unisim Transformation Summary:
No Unisim elements were transformed.


---------------------------------------------------------------------------------
Start RTL Optimization
---------------------------------------------------------------------------------

---------------------------------------------------------------------------------
Start Applying 'set_property' XDC Constraints
---------------------------------------------------------------------------------
Applied set_property DONT_TOUCH = true. (constraint file  D:/SangsWork/tp_gen_2015_feb/tp_gen_2015_feb/tp_gen_2015-2.runs/clk_wiz_0_synth_1/dont_touch.xdc, line 9).
---------------------------------------------------------------------------------
Finished applying 'set_property' XDC Constraints : Time (s): cpu = 00:00:19 ; elapsed = 00:00:19 . Memory (MB): peak = 626.094 ; gain = 474.711
---------------------------------------------------------------------------------

---------------------------------------------------------------------------------
Finished RTL Optimization : Time (s): cpu = 00:00:19 ; elapsed = 00:00:19 . Memory (MB): peak = 626.094 ; gain = 474.711
---------------------------------------------------------------------------------


Report RTL Partitions: 
+-+--------------+------------+----------+
| |RTL Partition |Replication |Instances |
+-+--------------+------------+----------+
+-+--------------+------------+----------+

---------------------------------------------------------------------------------
Start Loading Part and Timing Information
---------------------------------------------------------------------------------
Loading part: xc7vx485tffg1761-2
Part Resources:
DSPs: 2800 (col length:140)
BRAMs: 2060 (col length: RAMB18 140 RAMB36 70)
---------------------------------------------------------------------------------
Finished Loading Part and Timing Information : Time (s): cpu = 00:00:28 ; elapsed = 00:00:29 . Memory (MB): peak = 677.273 ; gain = 525.891
---------------------------------------------------------------------------------


---------------------------------------------------------------------------------
Start RTL Component Statistics 
---------------------------------------------------------------------------------
Detailed RTL Component Info : 

---------------------------------------------------------------------------------
Finished RTL Component Statistics 
---------------------------------------------------------------------------------

---------------------------------------------------------------------------------
Start RTL Hierarchical Component Statistics 
---------------------------------------------------------------------------------
Hierarchical RTL Component report 
Module clk_wiz_0 
Detailed RTL Component Info : 
Module clk_wiz_0_clk_wiz 
Detailed RTL Component Info : 

---------------------------------------------------------------------------------
Finished RTL Hierarchical Component Statistics
---------------------------------------------------------------------------------

---------------------------------------------------------------------------------
Start Cross Boundary Optimization
---------------------------------------------------------------------------------
---------------------------------------------------------------------------------
Finished Cross Boundary Optimization : Time (s): cpu = 00:00:28 ; elapsed = 00:00:29 . Memory (MB): peak = 677.273 ; gain = 525.891
---------------------------------------------------------------------------------

---------------------------------------------------------------------------------
Start RAM, DSP and Shift Register Reporting
---------------------------------------------------------------------------------
---------------------------------------------------------------------------------
Finished RAM, DSP and Shift Register Reporting
---------------------------------------------------------------------------------

---------------------------------------------------------------------------------
Start Area Optimization
---------------------------------------------------------------------------------
---------------------------------------------------------------------------------
Finished Area Optimization : Time (s): cpu = 00:00:28 ; elapsed = 00:00:29 . Memory (MB): peak = 679.332 ; gain = 527.949
---------------------------------------------------------------------------------


---------------------------------------------------------------------------------
Start Timing Optimization
---------------------------------------------------------------------------------

---------------------------------------------------------------------------------
Start Applying XDC Timing Constraints
---------------------------------------------------------------------------------
---------------------------------------------------------------------------------
Finished Applying XDC Timing Constraints : Time (s): cpu = 00:00:28 ; elapsed = 00:00:29 . Memory (MB): peak = 679.332 ; gain = 527.949
---------------------------------------------------------------------------------

---------------------------------------------------------------------------------
Finished Timing Optimization : Time (s): cpu = 00:00:28 ; elapsed = 00:00:29 . Memory (MB): peak = 679.332 ; gain = 527.949
---------------------------------------------------------------------------------


---------------------------------------------------------------------------------
Start Technology Mapping
---------------------------------------------------------------------------------
---------------------------------------------------------------------------------
Finished Technology Mapping : Time (s): cpu = 00:00:28 ; elapsed = 00:00:29 . Memory (MB): peak = 688.824 ; gain = 537.441
---------------------------------------------------------------------------------


---------------------------------------------------------------------------------
Start IO Insertion
---------------------------------------------------------------------------------

---------------------------------------------------------------------------------
Start Flattening Before IO Insertion
---------------------------------------------------------------------------------

---------------------------------------------------------------------------------
Finished Flattening Before IO Insertion
---------------------------------------------------------------------------------

---------------------------------------------------------------------------------
Start Final Netlist Cleanup
---------------------------------------------------------------------------------

---------------------------------------------------------------------------------
Finished Final Netlist Cleanup
---------------------------------------------------------------------------------
Gated Clock Conversion mode: off
---------------------------------------------------------------------------------
Finished IO Insertion : Time (s): cpu = 00:00:29 ; elapsed = 00:00:29 . Memory (MB): peak = 688.824 ; gain = 537.441
---------------------------------------------------------------------------------


Report Check Netlist: 
+------+------------------+-------+---------+-------+------------------+
|      |Item              |Errors |Warnings |Status |Description       |
+------+------------------+-------+---------+-------+------------------+
|1     |multi_driven_nets |      0|        0|Passed |Multi driven nets |
+------+------------------+-------+---------+-------+------------------+

---------------------------------------------------------------------------------
Start Renaming Generated Instances
---------------------------------------------------------------------------------
---------------------------------------------------------------------------------
Finished Renaming Generated Instances : Time (s): cpu = 00:00:29 ; elapsed = 00:00:29 . Memory (MB): peak = 688.824 ; gain = 537.441
---------------------------------------------------------------------------------


---------------------------------------------------------------------------------
Start Rebuilding User Hierarchy
---------------------------------------------------------------------------------
---------------------------------------------------------------------------------
Finished Rebuilding User Hierarchy : Time (s): cpu = 00:00:29 ; elapsed = 00:00:29 . Memory (MB): peak = 688.824 ; gain = 537.441
---------------------------------------------------------------------------------

---------------------------------------------------------------------------------
Start RAM, DSP and Shift Register Reporting
---------------------------------------------------------------------------------
---------------------------------------------------------------------------------
Finished RAM, DSP and Shift Register Reporting
---------------------------------------------------------------------------------

---------------------------------------------------------------------------------
Start Writing Synthesis Report
---------------------------------------------------------------------------------

Report BlackBoxes: 
+-+--------------+----------+
| |BlackBox name |Instances |
+-+--------------+----------+
+-+--------------+----------+

Report Cell Usage: 
+------+-----------+------+
|      |Cell       |Count |
+------+-----------+------+
|1     |BUFG       |     4|
|2     |MMCME2_ADV |     1|
|3     |IBUFDS     |     1|
+------+-----------+------+

Report Instance Areas: 
+------+---------+------------------+------+
|      |Instance |Module            |Cells |
+------+---------+------------------+------+
|1     |top      |                  |     6|
|2     |  inst   |clk_wiz_0_clk_wiz |     6|
+------+---------+------------------+------+
---------------------------------------------------------------------------------
Finished Writing Synthesis Report : Time (s): cpu = 00:00:29 ; elapsed = 00:00:29 . Memory (MB): peak = 688.824 ; gain = 537.441
---------------------------------------------------------------------------------

Synthesis finished with 0 errors, 0 critical warnings and 0 warnings.
Synthesis Optimization Complete : Time (s): cpu = 00:00:29 ; elapsed = 00:00:29 . Memory (MB): peak = 688.824 ; gain = 537.441
INFO: [Netlist 29-17] Analyzing 2 Unisim elements for replacement
INFO: [Netlist 29-28] Unisim Transformation completed in 0 CPU seconds
Parsing XDC File [d:/SangsWork/tp_gen_2015_feb/tp_gen_2015_feb/tp_gen_2015-2.srcs/sources_1/ip/clk_wiz_0/clk_wiz_0_OOC.xdc] for cell 'inst'
Finished Parsing XDC File [d:/SangsWork/tp_gen_2015_feb/tp_gen_2015_feb/tp_gen_2015-2.srcs/sources_1/ip/clk_wiz_0/clk_wiz_0_OOC.xdc] for cell 'inst'
Parsing XDC File [d:/SangsWork/tp_gen_2015_feb/tp_gen_2015_feb/tp_gen_2015-2.srcs/sources_1/ip/clk_wiz_0/clk_wiz_0.xdc] for cell 'inst'
INFO: [Timing 38-35] Done setting XDC timing constraints. [d:/SangsWork/tp_gen_2015_feb/tp_gen_2015_feb/tp_gen_2015-2.srcs/sources_1/ip/clk_wiz_0/clk_wiz_0.xdc:56]
INFO: [Timing 38-2] Deriving generated clocks [d:/SangsWork/tp_gen_2015_feb/tp_gen_2015_feb/tp_gen_2015-2.srcs/sources_1/ip/clk_wiz_0/clk_wiz_0.xdc:56]
Finished Parsing XDC File [d:/SangsWork/tp_gen_2015_feb/tp_gen_2015_feb/tp_gen_2015-2.srcs/sources_1/ip/clk_wiz_0/clk_wiz_0.xdc] for cell 'inst'
Parsing XDC File [d:/SangsWork/tp_gen_2015_feb/tp_gen_2015_feb/tp_gen_2015-2.srcs/sources_1/ip/clk_wiz_0/clk_wiz_0_board.xdc] for cell 'inst'
Finished Parsing XDC File [d:/SangsWork/tp_gen_2015_feb/tp_gen_2015_feb/tp_gen_2015-2.srcs/sources_1/ip/clk_wiz_0/clk_wiz_0_board.xdc] for cell 'inst'
INFO: [Opt 31-138] Pushed 0 inverter(s).
INFO: [Project 1-111] Unisim Transformation Summary:
No Unisim elements were transformed.

INFO: [Common 17-83] Releasing license: Synthesis
24 Infos, 0 Warnings, 0 Critical Warnings and 0 Errors encountered.
synth_design completed successfully
synth_design: Time (s): cpu = 00:00:41 ; elapsed = 00:00:42 . Memory (MB): peak = 1211.629 ; gain = 1017.098
# rename_ref -prefix_all clk_wiz_0
# write_checkpoint -noxdef clk_wiz_0.dcp
# report_utilization -file clk_wiz_0_utilization_synth.rpt -pb clk_wiz_0_utilization_synth.pb
report_utilization: Time (s): cpu = 00:00:00 ; elapsed = 00:00:00.047 . Memory (MB): peak = 1211.629 ; gain = 0.000
# if { [catch {
#   file copy -force D:/SangsWork/tp_gen_2015_feb/tp_gen_2015_feb/tp_gen_2015-2.runs/clk_wiz_0_synth_1/clk_wiz_0.dcp D:/SangsWork/tp_gen_2015_feb/tp_gen_2015_feb/tp_gen_2015-2.srcs/sources_1/ip/clk_wiz_0/clk_wiz_0.dcp
#   write_verilog -force -mode synth_stub D:/SangsWork/tp_gen_2015_feb/tp_gen_2015_feb/tp_gen_2015-2.srcs/sources_1/ip/clk_wiz_0/clk_wiz_0_stub.v
#   write_verilog -force -mode funcsim D:/SangsWork/tp_gen_2015_feb/tp_gen_2015_feb/tp_gen_2015-2.srcs/sources_1/ip/clk_wiz_0/clk_wiz_0_funcsim.v
#   write_vhdl -force -mode funcsim D:/SangsWork/tp_gen_2015_feb/tp_gen_2015_feb/tp_gen_2015-2.srcs/sources_1/ip/clk_wiz_0/clk_wiz_0_funcsim.vhdl
# } _RESULT ] } { 
#   puts "Critical Warning: Unable to successfully create or copy supporting IP files."
# }
INFO: [Common 17-206] Exiting Vivado at Tue Dec 01 08:23:53 2015...
